2024-02-28 22:37:52.616 [main] INFO  org.example.App - Starting App using Java 17.0.5 on DESKTOP-GLL5RUR with PID 19212 (C:\Users\vanja\Desktop\BaksonLtd_assignment\BaksonLtdAssignment\target\classes started by vanja in C:\Users\vanja\Desktop\BaksonLtd_assignment\BaksonLtdAssignment)
2024-02-28 22:37:52.618 [main] INFO  org.example.App - No active profile set, falling back to 1 default profile: "default"
2024-02-28 22:37:56.799 [main] INFO  o.s.d.r.c.RepositoryConfigurationDelegate - Bootstrapping Spring Data JPA repositories in DEFAULT mode.
2024-02-28 22:37:56.876 [main] INFO  o.s.d.r.c.RepositoryConfigurationDelegate - Finished Spring Data repository scanning in 66 ms. Found 2 JPA repository interfaces.
2024-02-28 22:37:57.786 [main] INFO  o.s.b.w.e.tomcat.TomcatWebServer - Tomcat initialized with port(s): 8080 (http)
2024-02-28 22:37:57.803 [main] INFO  o.a.coyote.http11.Http11NioProtocol - Initializing ProtocolHandler ["http-nio-8080"]
2024-02-28 22:37:57.803 [main] INFO  o.a.catalina.core.StandardService - Starting service [Tomcat]
2024-02-28 22:37:57.803 [main] INFO  o.a.catalina.core.StandardEngine - Starting Servlet engine: [Apache Tomcat/9.0.68]
2024-02-28 22:37:57.942 [main] INFO  o.a.c.c.C.[Tomcat].[localhost].[/] - Initializing Spring embedded WebApplicationContext
2024-02-28 22:37:57.942 [main] INFO  o.s.b.w.s.c.ServletWebServerApplicationContext - Root WebApplicationContext: initialization completed in 5252 ms
2024-02-28 22:37:58.188 [main] INFO  com.zaxxer.hikari.HikariDataSource - HikariPool-1 - Starting...
2024-02-28 22:37:58.719 [main] INFO  com.zaxxer.hikari.HikariDataSource - HikariPool-1 - Start completed.
2024-02-28 22:37:58.805 [main] INFO  o.h.jpa.internal.util.LogHelper - HHH000204: Processing PersistenceUnitInfo [name: default]
2024-02-28 22:37:58.913 [main] INFO  org.hibernate.Version - HHH000412: Hibernate ORM core version 5.6.12.Final
2024-02-28 22:37:59.160 [main] INFO  o.h.annotations.common.Version - HCANN000001: Hibernate Commons Annotations {5.1.2.Final}
2024-02-28 22:37:59.318 [main] INFO  org.hibernate.dialect.Dialect - HHH000400: Using dialect: org.hibernate.dialect.MySQL8Dialect
2024-02-28 22:37:59.864 [main] INFO  o.h.e.t.j.p.i.JtaPlatformInitiator - HHH000490: Using JtaPlatform implementation: [org.hibernate.engine.transaction.jta.platform.internal.NoJtaPlatform]
2024-02-28 22:37:59.873 [main] INFO  o.s.o.j.LocalContainerEntityManagerFactoryBean - Initialized JPA EntityManagerFactory for persistence unit 'default'
2024-02-28 22:38:00.322 [main] WARN  o.s.b.a.o.j.JpaBaseConfiguration$JpaWebConfiguration - spring.jpa.open-in-view is enabled by default. Therefore, database queries may be performed during view rendering. Explicitly configure spring.jpa.open-in-view to disable this warning
2024-02-28 22:38:00.845 [main] INFO  o.s.b.a.w.s.WelcomePageHandlerMapping - Adding welcome page template: index
2024-02-28 22:38:01.018 [main] INFO  o.s.s.web.DefaultSecurityFilterChain - Will secure any request with [org.springframework.security.web.session.DisableEncodeUrlFilter@8dc3019, org.springframework.security.web.context.request.async.WebAsyncManagerIntegrationFilter@34ab398b, org.springframework.security.web.context.SecurityContextPersistenceFilter@7b0dfa91, org.springframework.security.web.header.HeaderWriterFilter@624be1d4, org.springframework.web.filter.CorsFilter@71634e64, org.springframework.security.web.authentication.logout.LogoutFilter@22617270, org.example.filter.JwtFilter@5a35ae82, org.springframework.security.web.savedrequest.RequestCacheAwareFilter@3321fb65, org.springframework.security.web.servletapi.SecurityContextHolderAwareRequestFilter@248b2091, org.springframework.security.web.authentication.AnonymousAuthenticationFilter@65cc3902, org.springframework.security.web.session.SessionManagementFilter@2627335c, org.springframework.security.web.access.ExceptionTranslationFilter@2665a2e7, org.springframework.security.web.access.intercept.FilterSecurityInterceptor@73818435]
2024-02-28 22:38:01.340 [main] INFO  o.a.coyote.http11.Http11NioProtocol - Starting ProtocolHandler ["http-nio-8080"]
2024-02-28 22:38:01.394 [main] INFO  o.s.b.w.e.tomcat.TomcatWebServer - Tomcat started on port(s): 8080 (http) with context path ''
2024-02-28 22:38:01.405 [main] INFO  org.example.App - Started App in 9.267 seconds (JVM running for 9.952)
2024-02-28 22:39:04.230 [http-nio-8080-exec-1] INFO  o.a.c.c.C.[Tomcat].[localhost].[/] - Initializing Spring DispatcherServlet 'dispatcherServlet'
2024-02-28 22:39:04.230 [http-nio-8080-exec-1] INFO  o.s.web.servlet.DispatcherServlet - Initializing Servlet 'dispatcherServlet'
2024-02-28 22:39:04.234 [http-nio-8080-exec-1] INFO  o.s.web.servlet.DispatcherServlet - Completed initialization in 4 ms
2024-02-28 22:39:04.470 [http-nio-8080-exec-1] INFO  o.e.m.RequestResponseLoggingInterceptor - [preHandle][SecurityContextHolderAwareRequestWrapper[ org.springframework.security.web.header.HeaderWriterFilter$HeaderWriterRequest@3f4512e6]][GET]/myMemoryHello/serbian?&_psip=0:0:0:0:0:0:0:1
2024-02-28 22:39:08.256 [http-nio-8080-exec-1] INFO  o.e.m.RequestResponseLoggingInterceptor - [postHandle][SecurityContextHolderAwareRequestWrapper[ org.springframework.security.web.header.HeaderWriterFilter$HeaderWriterRequest@3f4512e6]]
2024-02-28 22:39:08.257 [http-nio-8080-exec-1] INFO  o.e.m.RequestResponseLoggingInterceptor - [afterCompletion][SecurityContextHolderAwareRequestWrapper[ org.springframework.security.web.header.HeaderWriterFilter$HeaderWriterRequest@3f4512e6]][exception: null]
2024-02-28 22:39:19.613 [http-nio-8080-exec-3] INFO  o.e.m.RequestResponseLoggingInterceptor - [preHandle][SecurityContextHolderAwareRequestWrapper[ org.springframework.security.web.header.HeaderWriterFilter$HeaderWriterRequest@3f1b4a4e]][GET]/myMemoryHello/spanish?&_psip=0:0:0:0:0:0:0:1
2024-02-28 22:39:20.013 [http-nio-8080-exec-3] INFO  o.e.m.RequestResponseLoggingInterceptor - [postHandle][SecurityContextHolderAwareRequestWrapper[ org.springframework.security.web.header.HeaderWriterFilter$HeaderWriterRequest@3f1b4a4e]]
2024-02-28 22:39:20.014 [http-nio-8080-exec-3] INFO  o.e.m.RequestResponseLoggingInterceptor - [afterCompletion][SecurityContextHolderAwareRequestWrapper[ org.springframework.security.web.header.HeaderWriterFilter$HeaderWriterRequest@3f1b4a4e]][exception: null]
2024-02-28 22:39:26.182 [http-nio-8080-exec-4] INFO  o.e.m.RequestResponseLoggingInterceptor - [preHandle][SecurityContextHolderAwareRequestWrapper[ org.springframework.security.web.header.HeaderWriterFilter$HeaderWriterRequest@3c3c1f9]][GET]/myMemoryHello/bulgarian?&_psip=0:0:0:0:0:0:0:1
2024-02-28 22:39:26.701 [http-nio-8080-exec-4] INFO  o.e.m.RequestResponseLoggingInterceptor - [postHandle][SecurityContextHolderAwareRequestWrapper[ org.springframework.security.web.header.HeaderWriterFilter$HeaderWriterRequest@3c3c1f9]]
2024-02-28 22:39:26.701 [http-nio-8080-exec-4] INFO  o.e.m.RequestResponseLoggingInterceptor - [afterCompletion][SecurityContextHolderAwareRequestWrapper[ org.springframework.security.web.header.HeaderWriterFilter$HeaderWriterRequest@3c3c1f9]][exception: null]
2024-02-28 22:39:32.609 [http-nio-8080-exec-5] INFO  o.e.m.RequestResponseLoggingInterceptor - [preHandle][SecurityContextHolderAwareRequestWrapper[ org.springframework.security.web.header.HeaderWriterFilter$HeaderWriterRequest@73b4a682]][GET]/myMemoryHello/serbian?&_psip=0:0:0:0:0:0:0:1
2024-02-28 22:39:32.931 [http-nio-8080-exec-5] INFO  o.e.m.RequestResponseLoggingInterceptor - [postHandle][SecurityContextHolderAwareRequestWrapper[ org.springframework.security.web.header.HeaderWriterFilter$HeaderWriterRequest@73b4a682]]
2024-02-28 22:39:32.931 [http-nio-8080-exec-5] INFO  o.e.m.RequestResponseLoggingInterceptor - [afterCompletion][SecurityContextHolderAwareRequestWrapper[ org.springframework.security.web.header.HeaderWriterFilter$HeaderWriterRequest@73b4a682]][exception: null]
2024-02-28 22:39:43.205 [http-nio-8080-exec-6] INFO  o.e.m.RequestResponseLoggingInterceptor - [preHandle][SecurityContextHolderAwareRequestWrapper[ org.springframework.security.web.header.HeaderWriterFilter$HeaderWriterRequest@31cabf1e]][GET]/myMemoryHello/italian?&_psip=0:0:0:0:0:0:0:1
2024-02-28 22:39:43.584 [http-nio-8080-exec-6] INFO  o.e.m.RequestResponseLoggingInterceptor - [postHandle][SecurityContextHolderAwareRequestWrapper[ org.springframework.security.web.header.HeaderWriterFilter$HeaderWriterRequest@31cabf1e]]
2024-02-28 22:39:43.585 [http-nio-8080-exec-6] INFO  o.e.m.RequestResponseLoggingInterceptor - [afterCompletion][SecurityContextHolderAwareRequestWrapper[ org.springframework.security.web.header.HeaderWriterFilter$HeaderWriterRequest@31cabf1e]][exception: null]
