2024-03-03 09:57:29.291 [main] INFO  org.example.App - Starting App v1.0-SNAPSHOT using Java 17.0.5 on DESKTOP-GLL5RUR with PID 31840 (C:\Users\vanja\Desktop\BaksonLtd_assignment\BaksonLtdAssignment\target\BaksonLtd_project-1.0-SNAPSHOT.jar started by vanja in C:\Users\vanja\Desktop\BaksonLtd_assignment\BaksonLtdAssignment\target)
2024-03-03 09:57:29.294 [main] INFO  org.example.App - The following 1 profile is active: "myMemory"
2024-03-03 09:57:30.318 [main] INFO  o.s.d.r.c.RepositoryConfigurationDelegate - Bootstrapping Spring Data JPA repositories in DEFAULT mode.
2024-03-03 09:57:30.393 [main] INFO  o.s.d.r.c.RepositoryConfigurationDelegate - Finished Spring Data repository scanning in 60 ms. Found 2 JPA repository interfaces.
2024-03-03 09:57:31.376 [main] INFO  o.s.b.w.e.tomcat.TomcatWebServer - Tomcat initialized with port(s): 8080 (http)
2024-03-03 09:57:31.394 [main] INFO  o.a.coyote.http11.Http11NioProtocol - Initializing ProtocolHandler ["http-nio-8080"]
2024-03-03 09:57:31.394 [main] INFO  o.a.catalina.core.StandardService - Starting service [Tomcat]
2024-03-03 09:57:31.394 [main] INFO  o.a.catalina.core.StandardEngine - Starting Servlet engine: [Apache Tomcat/9.0.68]
2024-03-03 09:57:31.506 [main] INFO  o.a.c.c.C.[Tomcat].[localhost].[/] - Initializing Spring embedded WebApplicationContext
2024-03-03 09:57:31.506 [main] INFO  o.s.b.w.s.c.ServletWebServerApplicationContext - Root WebApplicationContext: initialization completed in 2129 ms
2024-03-03 09:57:31.720 [main] INFO  com.zaxxer.hikari.HikariDataSource - HikariPool-1 - Starting...
2024-03-03 09:57:32.218 [main] INFO  com.zaxxer.hikari.HikariDataSource - HikariPool-1 - Start completed.
2024-03-03 09:57:32.285 [main] INFO  o.h.jpa.internal.util.LogHelper - HHH000204: Processing PersistenceUnitInfo [name: default]
2024-03-03 09:57:32.423 [main] INFO  org.hibernate.Version - HHH000412: Hibernate ORM core version 5.6.12.Final
2024-03-03 09:57:32.660 [main] INFO  o.h.annotations.common.Version - HCANN000001: Hibernate Commons Annotations {5.1.2.Final}
2024-03-03 09:57:32.841 [main] INFO  org.hibernate.dialect.Dialect - HHH000400: Using dialect: org.hibernate.dialect.MySQL8Dialect
2024-03-03 09:57:33.587 [main] INFO  o.h.e.t.j.p.i.JtaPlatformInitiator - HHH000490: Using JtaPlatform implementation: [org.hibernate.engine.transaction.jta.platform.internal.NoJtaPlatform]
2024-03-03 09:57:33.599 [main] INFO  o.s.o.j.LocalContainerEntityManagerFactoryBean - Initialized JPA EntityManagerFactory for persistence unit 'default'
2024-03-03 09:57:34.048 [main] WARN  o.s.b.a.o.j.JpaBaseConfiguration$JpaWebConfiguration - spring.jpa.open-in-view is enabled by default. Therefore, database queries may be performed during view rendering. Explicitly configure spring.jpa.open-in-view to disable this warning
2024-03-03 09:57:34.554 [main] INFO  o.s.b.a.w.s.WelcomePageHandlerMapping - Adding welcome page template: index
2024-03-03 09:57:34.715 [main] INFO  o.s.s.web.DefaultSecurityFilterChain - Will secure any request with [org.springframework.security.web.session.DisableEncodeUrlFilter@161aa04a, org.springframework.security.web.context.request.async.WebAsyncManagerIntegrationFilter@436bd4df, org.springframework.security.web.context.SecurityContextPersistenceFilter@2503ec73, org.springframework.security.web.header.HeaderWriterFilter@56399b9e, org.springframework.web.filter.CorsFilter@6848a051, org.springframework.security.web.authentication.logout.LogoutFilter@3662bdff, org.example.filter.JwtFilter@4d41ba0f, org.springframework.security.web.savedrequest.RequestCacheAwareFilter@5e1fc42f, org.springframework.security.web.servletapi.SecurityContextHolderAwareRequestFilter@6296474f, org.springframework.security.web.authentication.AnonymousAuthenticationFilter@149b0577, org.springframework.security.web.session.SessionManagementFilter@6a87026, org.springframework.security.web.access.ExceptionTranslationFilter@6242ae3b, org.springframework.security.web.access.intercept.FilterSecurityInterceptor@77c233af]
2024-03-03 09:57:35.318 [main] INFO  o.a.coyote.http11.Http11NioProtocol - Starting ProtocolHandler ["http-nio-8080"]
2024-03-03 09:57:35.361 [main] INFO  o.s.b.w.e.tomcat.TomcatWebServer - Tomcat started on port(s): 8080 (http) with context path ''
2024-03-03 09:57:35.375 [main] INFO  org.example.App - Started App in 6.562 seconds (JVM running for 7.596)
